[0m16:51:54.978151 [debug] [MainThread]: Sending event: {'category': 'dbt', 'action': 'invocation', 'label': 'start', 'context': [<snowplow_tracker.self_describing_json.SelfDescribingJson object at 0x103ffa9d0>, <snowplow_tracker.self_describing_json.SelfDescribingJson object at 0x1050ac490>, <snowplow_tracker.self_describing_json.SelfDescribingJson object at 0x1050ac7c0>]}


============================== 16:51:54.981160 | 84cfa088-75af-4d44-b42a-432f375aeb22 ==============================
[0m16:51:54.981160 [info ] [MainThread]: Running with dbt=1.11.0-b3
[0m16:51:54.981529 [debug] [MainThread]: running dbt with arguments {'invocation_command': 'dbt init helloWorld', 'no_print': 'None', 'fail_fast': 'False', 'quiet': 'False', 'use_experimental_parser': 'False', 'indirect_selection': 'eager', 'printer_width': '80', 'profiles_dir': '/Users/joshrosson/.dbt', 'partial_parse': 'True', 'log_path': 'logs', 'warn_error': 'None', 'send_anonymous_usage_stats': 'True', 'version_check': 'True', 'log_format': 'default', 'warn_error_options': 'WarnErrorOptionsV2(error=[], warn=[], silence=[])', 'use_colors': 'True', 'cache_selected_only': 'False', 'introspect': 'True', 'static_parser': 'True', 'log_cache_events': 'False', 'target_path': 'None', 'write_json': 'True', 'empty': 'None', 'debug': 'False'}
[0m16:51:54.989930 [info ] [MainThread]: Creating dbt configuration folder at /Users/joshrosson/.dbt
[0m16:51:54.990986 [debug] [MainThread]: Starter project path: /Users/joshrosson/Library/CloudStorage/Dropbox/Job Applications 2026/DataEngProjects/HelloWorldProject/venv/lib/python3.9/site-packages/dbt/include/starter_project
[0m16:51:54.995199 [info ] [MainThread]: 
Your new dbt project "helloWorld" was created!

For more information on how to configure the profiles.yml file,
please consult the dbt documentation here:

  https://docs.getdbt.com/docs/configure-your-profile

One more thing:

Need help? Don't hesitate to reach out to us via GitHub issues or on Slack:

  https://community.getdbt.com/

Happy modeling!

[0m16:51:54.995482 [info ] [MainThread]: Setting up your profile.
[0m16:54:04.869505 [info ] [MainThread]: Profile helloWorld written to /Users/joshrosson/.dbt/profiles.yml using target's profile_template.yml and your supplied values. Run 'dbt debug' to validate the connection.
[0m16:54:04.895600 [debug] [MainThread]: Resource report: {"command_name": "init", "command_success": true, "command_wall_clock_time": 129.96869, "process_in_blocks": "0", "process_kernel_time": 0.163854, "process_mem_max_rss": "99024896", "process_out_blocks": "0", "process_user_time": 0.90705}
[0m16:54:04.896251 [debug] [MainThread]: Command `dbt init` succeeded at 16:54:04.896132 after 129.97 seconds
[0m16:54:04.896891 [debug] [MainThread]: Sending event: {'category': 'dbt', 'action': 'invocation', 'label': 'end', 'context': [<snowplow_tracker.self_describing_json.SelfDescribingJson object at 0x103ffa9d0>, <snowplow_tracker.self_describing_json.SelfDescribingJson object at 0x105047130>, <snowplow_tracker.self_describing_json.SelfDescribingJson object at 0x10508e580>]}
[0m16:54:04.897500 [debug] [MainThread]: Flushing usage events
[0m16:54:05.080987 [debug] [MainThread]: An error was encountered while trying to flush usage events
